WARNING 2025-08-26 19:04:43,823 log 44778 134627708254016 Not Found: /exam/1/
WARNING 2025-08-26 19:04:46,551 log 44778 134627708254016 Not Found: /exam/1/
WARNING 2025-08-26 19:04:47,344 log 44778 134627708254016 Not Found: /exam/1/
WARNING 2025-08-26 19:04:48,145 log 44778 134627708254016 Not Found: /multiple_choice/2/3/
WARNING 2025-08-26 19:04:48,964 log 44778 134627708254016 Not Found: /multiple_choice/2/3/
WARNING 2025-08-26 19:04:48,968 log 44778 134627708254016 Not Found: /register/
WARNING 2025-08-26 19:04:48,969 log 44778 134627708254016 Not Found: /register/
WARNING 2025-08-26 19:04:48,971 log 44778 134627708254016 Not Found: /login/
WARNING 2025-08-26 19:04:50,037 log 44778 134627708254016 Not Found: /students/
WARNING 2025-08-26 19:04:51,094 log 44778 134627708254016 Not Found: /students/
WARNING 2025-08-26 19:13:35,535 log 48493 125540125968192 Not Found: /exam/1/
WARNING 2025-08-26 19:13:38,382 log 48493 125540125968192 Not Found: /exam/1/
WARNING 2025-08-26 19:13:39,072 log 48493 125540125968192 Not Found: /exam/1/
WARNING 2025-08-26 19:13:39,775 log 48493 125540125968192 Not Found: /multiple_choice/2/3/
WARNING 2025-08-26 19:13:40,439 log 48493 125540125968192 Not Found: /multiple_choice/2/3/
WARNING 2025-08-26 19:13:40,443 log 48493 125540125968192 Not Found: /register/
WARNING 2025-08-26 19:13:40,444 log 48493 125540125968192 Not Found: /register/
WARNING 2025-08-26 19:13:40,446 log 48493 125540125968192 Not Found: /login/
WARNING 2025-08-26 19:13:41,585 log 48493 125540125968192 Not Found: /students/
WARNING 2025-08-26 19:13:42,653 log 48493 125540125968192 Not Found: /students/
WARNING 2025-08-26 19:14:48,742 log 49081 125228935624512 Not Found: /exam/1/
WARNING 2025-08-26 19:14:51,509 log 49081 125228935624512 Not Found: /exam/1/
WARNING 2025-08-26 19:14:52,205 log 49081 125228935624512 Not Found: /exam/1/
WARNING 2025-08-26 19:14:52,863 log 49081 125228935624512 Not Found: /multiple_choice/2/3/
WARNING 2025-08-26 19:14:53,679 log 49081 125228935624512 Not Found: /multiple_choice/2/3/
WARNING 2025-08-26 19:14:53,688 log 49081 125228935624512 Not Found: /register/
WARNING 2025-08-26 19:14:53,692 log 49081 125228935624512 Not Found: /register/
WARNING 2025-08-26 19:14:53,693 log 49081 125228935624512 Not Found: /login/
WARNING 2025-08-26 19:14:54,689 log 49081 125228935624512 Not Found: /students/
WARNING 2025-08-26 19:14:55,892 log 49081 125228935624512 Not Found: /students/
WARNING 2025-08-26 19:17:32,847 log 50309 139154713208640 Not Found: /multiplication_table_ex/1/
WARNING 2025-08-26 19:17:35,624 log 50309 139154713208640 Not Found: /multiplication_table_ex/1/
WARNING 2025-08-26 19:17:36,283 log 50309 139154713208640 Not Found: /multiplication_table_ex/1/
WARNING 2025-08-26 19:17:36,987 log 50309 139154713208640 Not Found: /multiple_choice/2/3/
WARNING 2025-08-26 19:17:37,750 log 50309 139154713208640 Not Found: /multiple_choice/2/3/
WARNING 2025-08-26 19:48:22,758 base 63621 139291746145984 Session data corrupted
INFO 2025-08-26 19:48:22,760 basehttp 63621 139291746145984 "GET / HTTP/1.1" 200 5263
WARNING 2025-08-26 19:48:23,012 base 63621 139291736704704 Session data corrupted
INFO 2025-08-26 19:48:23,013 basehttp 63621 139291736704704 "GET /json/progress/exercises HTTP/1.1" 302 0
WARNING 2025-08-26 19:48:23,190 log 63621 139291728312000 Not Found: /accounts/login/
WARNING 2025-08-26 19:48:23,190 basehttp 63621 139291728312000 "GET /accounts/login/?next=/json/progress/exercises HTTP/1.1" 404 7307
WARNING 2025-08-26 19:48:24,899 base 63621 139291719919296 Session data corrupted
INFO 2025-08-26 19:48:24,900 basehttp 63621 139291719919296 "GET /login/ HTTP/1.1" 200 4549
WARNING 2025-08-26 19:48:48,606 base 63621 139291711526592 Session data corrupted
INFO 2025-08-26 19:48:48,624 basehttp 63621 139291711526592 "POST /login/ HTTP/1.1" 302 0
INFO 2025-08-26 19:48:48,700 basehttp 63621 139291746145984 "GET / HTTP/1.1" 200 7567
INFO 2025-08-26 19:48:48,862 basehttp 63621 139291736704704 "GET /json/progress/exercises HTTP/1.1" 200 236
INFO 2025-08-26 19:48:53,118 basehttp 63621 139291359442624 "GET /multiple_choice/1 HTTP/1.1" 200 7812
INFO 2025-08-26 19:48:55,570 basehttp 63621 139291351049920 "POST /multiple_choice/1 HTTP/1.1" 200 8075
INFO 2025-08-26 19:48:57,217 basehttp 63621 139291342657216 "GET /multiple_choice/1 HTTP/1.1" 200 7809
INFO 2025-08-26 19:48:59,052 basehttp 63621 139291711526592 "POST /multiple_choice/1 HTTP/1.1" 200 8072
INFO 2025-08-26 19:48:59,911 basehttp 63621 139291746145984 "GET /multiple_choice/1 HTTP/1.1" 200 7815
INFO 2025-08-26 19:49:02,500 basehttp 63621 139291334264512 "POST /multiple_choice/1 HTTP/1.1" 200 8078
INFO 2025-08-26 19:49:03,499 basehttp 63621 139291325871808 "GET /multiple_choice/1 HTTP/1.1" 200 7815
INFO 2025-08-26 19:49:06,207 basehttp 63621 139291746145984 "POST /multiple_choice/1 HTTP/1.1" 200 8078
INFO 2025-08-26 19:49:06,982 basehttp 63621 139291736704704 "GET /multiple_choice/1 HTTP/1.1" 200 7818
INFO 2025-08-26 19:49:09,376 basehttp 63621 139291325871808 "POST /multiple_choice/1 HTTP/1.1" 200 8081
INFO 2025-08-26 19:49:10,266 basehttp 63621 139291351049920 "GET /multiple_choice/1 HTTP/1.1" 200 7815
INFO 2025-08-26 19:49:13,863 basehttp 63621 139291334264512 "GET /multiple_choice HTTP/1.1" 200 7824
INFO 2025-08-26 19:49:17,954 basehttp 63621 139291317479104 "POST /multiple_choice HTTP/1.1" 200 8085
INFO 2025-08-26 19:49:18,983 basehttp 63621 139291309086400 "GET /multiple_choice HTTP/1.1" 200 7824
INFO 2025-08-26 19:49:20,999 basehttp 63621 139291325871808 "POST /multiple_choice HTTP/1.1" 200 8060
INFO 2025-08-26 19:49:22,238 basehttp 63621 139291351049920 "GET /multiple_choice/5/6/ HTTP/1.1" 200 7824
INFO 2025-08-26 19:49:24,408 basehttp 63621 139291317479104 "POST /multiple_choice/5/6/ HTTP/1.1" 200 8087
INFO 2025-08-26 19:49:25,140 basehttp 63621 139291309086400 "GET /multiple_choice/5 HTTP/1.1" 200 7824
INFO 2025-08-26 19:49:26,917 basehttp 63621 139291342657216 "POST /multiple_choice/5 HTTP/1.1" 200 8087
INFO 2025-08-26 19:49:27,533 basehttp 63621 139291359442624 "GET /multiple_choice/5 HTTP/1.1" 200 7824
INFO 2025-08-26 19:49:37,673 basehttp 63621 139291342657216 "POST /multiple_choice/5 HTTP/1.1" 200 8087
INFO 2025-08-26 19:49:38,489 basehttp 63621 139291711526592 "GET /multiple_choice/5 HTTP/1.1" 200 7821
INFO 2025-08-26 19:49:43,307 basehttp 63621 139291719919296 "GET /multiple_choice HTTP/1.1" 200 7821
INFO 2025-08-26 19:49:46,911 basehttp 63621 139291325871808 "POST /multiple_choice HTTP/1.1" 200 8082
INFO 2025-08-26 19:49:47,750 basehttp 63621 139291351049920 "GET /multiple_choice HTTP/1.1" 200 7830
INFO 2025-08-26 19:49:50,800 basehttp 63621 139291309086400 "GET /multiple_choice HTTP/1.1" 200 7827
INFO 2025-08-26 19:49:53,331 basehttp 63621 139291359442624 "GET /multiple_choice HTTP/1.1" 200 7827
INFO 2025-08-26 19:49:55,534 basehttp 63621 139291746145984 "POST /multiple_choice HTTP/1.1" 200 8088
INFO 2025-08-26 19:49:56,380 basehttp 63621 139291736704704 "GET /multiple_choice HTTP/1.1" 200 7821
INFO 2025-08-26 19:49:58,052 basehttp 63621 139291334264512 "POST /multiple_choice HTTP/1.1" 200 8082
INFO 2025-08-26 19:49:58,916 basehttp 63621 139291325871808 "GET /multiple_choice HTTP/1.1" 200 7827
INFO 2025-08-26 19:50:00,739 basehttp 63621 139291351049920 "POST /multiple_choice HTTP/1.1" 200 8088
INFO 2025-08-26 19:50:01,415 basehttp 63621 139291317479104 "GET /multiple_choice HTTP/1.1" 200 7824
INFO 2025-08-26 19:50:04,229 basehttp 63621 139291711526592 "POST /multiple_choice HTTP/1.1" 200 8060
INFO 2025-08-26 19:50:05,201 basehttp 63621 139291746145984 "GET /multiple_choice/5/7/ HTTP/1.1" 200 7824
INFO 2025-08-26 19:50:07,909 basehttp 63621 139291719919296 "POST /multiple_choice/5/7/ HTTP/1.1" 200 8087
INFO 2025-08-26 19:50:08,718 basehttp 63621 139291334264512 "GET /multiple_choice/5 HTTP/1.1" 200 7824
INFO 2025-08-26 19:50:11,165 basehttp 63621 139291317479104 "POST /multiple_choice/5 HTTP/1.1" 200 8087
INFO 2025-08-26 19:50:11,834 basehttp 63621 139291342657216 "GET /multiple_choice/5 HTTP/1.1" 200 7824
INFO 2025-08-26 19:50:15,273 basehttp 63621 139291746145984 "POST /multiple_choice/5 HTTP/1.1" 200 8087
INFO 2025-08-26 19:50:15,884 basehttp 63621 139291736704704 "GET /multiple_choice/5 HTTP/1.1" 200 7824
INFO 2025-08-26 19:50:19,985 basehttp 63621 139291334264512 "POST /multiple_choice/5 HTTP/1.1" 200 8087
INFO 2025-08-26 19:50:20,635 basehttp 63621 139291351049920 "GET /multiple_choice/5 HTTP/1.1" 200 7821
INFO 2025-08-26 19:50:23,406 basehttp 63621 139291309086400 "POST /multiple_choice/5 HTTP/1.1" 200 8084
INFO 2025-08-26 19:50:24,048 basehttp 63621 139291342657216 "GET /multiple_choice/5 HTTP/1.1" 200 7821
INFO 2025-08-26 19:50:26,288 basehttp 63621 139291359442624 "POST /multiple_choice/5 HTTP/1.1" 200 8084
INFO 2025-08-26 19:50:27,048 basehttp 63621 139291711526592 "GET /multiple_choice/5 HTTP/1.1" 200 7823
INFO 2025-08-26 19:50:28,615 basehttp 63621 139291746145984 "POST /multiple_choice/5 HTTP/1.1" 200 8086
INFO 2025-08-26 19:50:29,391 basehttp 63621 139291719919296 "GET /multiple_choice/5 HTTP/1.1" 200 7826
INFO 2025-08-26 19:50:31,184 basehttp 63621 139291359442624 "POST /multiple_choice/5 HTTP/1.1" 200 8089
INFO 2025-08-26 19:50:31,798 basehttp 63621 139291719919296 "GET /multiple_choice/5 HTTP/1.1" 200 7823
INFO 2025-08-26 19:50:34,778 basehttp 63621 139291342657216 "GET /multiplication_table_ex/1/ HTTP/1.1" 200 11129
INFO 2025-08-26 19:50:43,878 basehttp 63621 139291359442624 "POST /multiplication_table_ex/1/ HTTP/1.1" 200 8531
INFO 2025-08-26 19:50:50,644 basehttp 63621 139291719919296 "GET / HTTP/1.1" 200 7567
INFO 2025-08-26 19:50:50,774 basehttp 63621 139291334264512 "GET /json/progress/exercises HTTP/1.1" 200 1446
WARNING 2025-08-26 19:50:59,691 log 63621 139291359442624 Not Found: /url 'help' 1
WARNING 2025-08-26 19:50:59,692 basehttp 63621 139291359442624 "GET /url%20'help'%201 HTTP/1.1" 404 7302
INFO 2025-08-26 19:51:06,946 basehttp 63621 139291351049920 "GET /study_material_pdf HTTP/1.1" 200 6439
INFO 2025-08-26 19:51:07,463 basehttp 63621 139291317479104 "GET /static/multyPY/prop.pdf HTTP/1.1" 200 4983050
INFO 2025-08-26 19:51:18,877 basehttp 63621 139291334264512 "GET /profile HTTP/1.1" 200 9158
INFO 2025-08-26 19:51:19,023 basehttp 63621 139291317479104 "GET /json/progress/total_exam HTTP/1.1" 200 288
INFO 2025-08-26 19:51:19,031 basehttp 63621 139291351049920 "GET /json/progress/top_exam HTTP/1.1" 200 174
INFO 2025-08-26 19:51:19,040 basehttp 63621 139291325871808 "GET /json/progress/exercises HTTP/1.1" 200 1446
INFO 2025-08-26 19:51:35,311 basehttp 63621 139291309086400 "GET /logout HTTP/1.1" 302 0
INFO 2025-08-26 19:51:35,388 basehttp 63621 139291325871808 "GET / HTTP/1.1" 200 5263
INFO 2025-08-26 19:51:35,546 basehttp 63621 139291351049920 "GET /json/progress/exercises HTTP/1.1" 302 0
WARNING 2025-08-26 19:51:35,620 log 63621 139291317479104 Not Found: /accounts/login/
WARNING 2025-08-26 19:51:35,621 basehttp 63621 139291317479104 "GET /accounts/login/?next=/json/progress/exercises HTTP/1.1" 404 7307
